SF:lib\src\model\genre_model.dart
DA:5,2
DA:10,1
DA:11,1
DA:12,1
DA:13,1
DA:17,0
DA:18,0
DA:20,1
DA:24,7
DA:27,0
DA:28,0
LF:11
LH:7
end_of_record
SF:lib\src\model\movie_model.dart
DA:12,2
DA:24,1
DA:25,1
DA:26,1
DA:27,1
DA:28,1
DA:29,1
DA:30,1
DA:31,1
DA:32,2
DA:33,2
DA:34,2
DA:38,1
DA:40,10
DA:43,1
DA:47,1
DA:48,3
DA:49,3
DA:50,3
DA:51,3
DA:52,3
DA:53,3
DA:54,3
DA:55,3
DA:56,3
DA:59,0
DA:61,0
DA:62,0
DA:63,0
DA:64,0
DA:65,0
DA:66,0
DA:67,0
DA:68,0
DA:69,0
LF:35
LH:25
end_of_record
SF:lib\src\controller\movies_controller.dart
DA:12,1
DA:16,1
DA:17,2
DA:18,1
DA:20,3
DA:21,5
DA:22,4
DA:26,1
DA:28,2
DA:29,1
DA:35,1
DA:36,1
DA:37,1
DA:38,1
DA:39,0
DA:43,2
DA:45,1
DA:51,1
DA:53,1
DA:54,1
DA:55,1
DA:56,0
DA:60,2
DA:62,1
DA:68,1
DA:69,1
DA:70,2
DA:74,2
DA:76,1
DA:82,1
DA:83,1
DA:84,1
DA:85,1
DA:86,1
DA:87,0
DA:91,2
DA:93,1
DA:99,1
DA:101,2
DA:103,2
DA:104,1
DA:106,3
DA:107,4
LF:43
LH:40
end_of_record
SF:lib\src\services\movie_http_client.dart
DA:5,0
DA:6,0
DA:10,0
DA:11,0
DA:12,0
DA:13,0
LF:6
LH:0
end_of_record
SF:lib\src\utils\request_utils.dart
DA:2,0
DA:3,0
DA:6,1
DA:7,1
LF:4
LH:2
end_of_record
